<?xml version="1.0" encoding="UTF-8"?>
<!-- Generated by org.testng.reporters.JUnitXMLReporter -->
<testsuite hostname="DESKTOP-1QVPDU4" ignored="3" name="Test" tests="3" failures="0" timestamp="2021-10-28T19:18:56 IST" time="28.936" errors="0">
  <testcase name="Test1" time="0.002" classname="test.RunTestFromMavenCommand"/>
  <testcase name="Test4" time="0.001" classname="test.RunTestFromMavenCommand"/>
  <testcase name="Test5" time="0.001" classname="test.RunTestFromMavenCommand"/>
  <testcase name="Test6" time="0.0" classname="test.RunTestFromMavenCommand">
    <ignored/>
  </testcase> <!-- Test6 -->
  <testcase name="Test2" time="0.0" classname="test.RunTestFromMavenCommand">
    <ignored/>
  </testcase> <!-- Test2 -->
  <testcase name="Test3" time="0.0" classname="test.RunTestFromMavenCommand">
    <ignored/>
  </testcase> <!-- Test3 -->
</testsuite> <!-- Test -->
