<?xml version="1.0" encoding="UTF-8"?>
<testng-results skipped="0" failed="0" ignored="3" total="6" passed="3">
  <reporter-output>
  </reporter-output>
  <suite name="Suite" duration-ms="28936" started-at="2021-10-28T19:18:27 IST" finished-at="2021-10-28T19:18:56 IST">
    <groups>
      <group name="regression">
        <method signature="RunTestFromMavenCommand.Test1()[pri:0, instance:test.RunTestFromMavenCommand@56aac163]" name="Test1" class="test.RunTestFromMavenCommand"/>
        <method signature="RunTestFromMavenCommand.Test4()[pri:0, instance:test.RunTestFromMavenCommand@56aac163]" name="Test4" class="test.RunTestFromMavenCommand"/>
        <method signature="RunTestFromMavenCommand.Test5()[pri:0, instance:test.RunTestFromMavenCommand@56aac163]" name="Test5" class="test.RunTestFromMavenCommand"/>
      </group> <!-- regression -->
      <group name="Smoke">
        <method signature="RunTestFromMavenCommand.Test1()[pri:0, instance:test.RunTestFromMavenCommand@56aac163]" name="Test1" class="test.RunTestFromMavenCommand"/>
        <method signature="RunTestFromMavenCommand.Test4()[pri:0, instance:test.RunTestFromMavenCommand@56aac163]" name="Test4" class="test.RunTestFromMavenCommand"/>
        <method signature="RunTestFromMavenCommand.Test5()[pri:0, instance:test.RunTestFromMavenCommand@56aac163]" name="Test5" class="test.RunTestFromMavenCommand"/>
      </group> <!-- Smoke -->
    </groups>
    <test name="Test" duration-ms="28936" started-at="2021-10-28T19:18:27 IST" finished-at="2021-10-28T19:18:56 IST">
      <class name="test.RunTestFromMavenCommand">
        <test-method status="PASS" signature="Setup()[pri:0, instance:test.RunTestFromMavenCommand@56aac163]" name="Setup" is-config="true" duration-ms="8053" started-at="2021-10-28T19:18:27 IST" finished-at="2021-10-28T19:18:35 IST">
          <reporter-output>
          </reporter-output>
        </test-method> <!-- Setup -->
        <test-method status="PASS" signature="Test1()[pri:0, instance:test.RunTestFromMavenCommand@56aac163]" name="Test1" duration-ms="2" started-at="2021-10-28T19:18:35 IST" finished-at="2021-10-28T19:18:35 IST">
          <reporter-output>
          </reporter-output>
        </test-method> <!-- Test1 -->
        <test-method status="PASS" signature="tearDown()[pri:0, instance:test.RunTestFromMavenCommand@56aac163]" name="tearDown" is-config="true" duration-ms="4230" started-at="2021-10-28T19:18:35 IST" finished-at="2021-10-28T19:18:39 IST">
          <reporter-output>
          </reporter-output>
        </test-method> <!-- tearDown -->
        <test-method status="PASS" signature="Setup()[pri:0, instance:test.RunTestFromMavenCommand@56aac163]" name="Setup" is-config="true" duration-ms="5314" started-at="2021-10-28T19:18:39 IST" finished-at="2021-10-28T19:18:45 IST">
          <reporter-output>
          </reporter-output>
        </test-method> <!-- Setup -->
        <test-method status="PASS" signature="Test4()[pri:0, instance:test.RunTestFromMavenCommand@56aac163]" name="Test4" duration-ms="1" started-at="2021-10-28T19:18:45 IST" finished-at="2021-10-28T19:18:45 IST">
          <reporter-output>
          </reporter-output>
        </test-method> <!-- Test4 -->
        <test-method status="PASS" signature="tearDown()[pri:0, instance:test.RunTestFromMavenCommand@56aac163]" name="tearDown" is-config="true" duration-ms="289" started-at="2021-10-28T19:18:45 IST" finished-at="2021-10-28T19:18:45 IST">
          <reporter-output>
          </reporter-output>
        </test-method> <!-- tearDown -->
        <test-method status="PASS" signature="Setup()[pri:0, instance:test.RunTestFromMavenCommand@56aac163]" name="Setup" is-config="true" duration-ms="6772" started-at="2021-10-28T19:18:45 IST" finished-at="2021-10-28T19:18:52 IST">
          <reporter-output>
          </reporter-output>
        </test-method> <!-- Setup -->
        <test-method status="PASS" signature="Test5()[pri:0, instance:test.RunTestFromMavenCommand@56aac163]" name="Test5" duration-ms="1" started-at="2021-10-28T19:18:52 IST" finished-at="2021-10-28T19:18:52 IST">
          <reporter-output>
          </reporter-output>
        </test-method> <!-- Test5 -->
        <test-method status="PASS" signature="tearDown()[pri:0, instance:test.RunTestFromMavenCommand@56aac163]" name="tearDown" is-config="true" duration-ms="4211" started-at="2021-10-28T19:18:52 IST" finished-at="2021-10-28T19:18:56 IST">
          <reporter-output>
          </reporter-output>
        </test-method> <!-- tearDown -->
      </class> <!-- test.RunTestFromMavenCommand -->
    </test> <!-- Test -->
  </suite> <!-- Suite -->
</testng-results>
